{"level":"info","message":"Server is running on port 3000","timestamp":"2024-08-07T04:24:03.251Z"}
{"level":"info","message":"Incoming request: GET /","timestamp":"2024-08-07T04:24:16.169Z"}
{"level":"debug","message":"Debugging the root route","timestamp":"2024-08-07T04:24:16.170Z"}
{"level":"info","message":"Serving the root route","timestamp":"2024-08-07T04:24:16.171Z"}
{"level":"info","message":"Incoming request: GET /favicon.ico","timestamp":"2024-08-07T04:24:19.755Z"}
{"level":"info","message":"Incoming request: GET /","timestamp":"2024-08-07T04:24:42.881Z"}
{"level":"debug","message":"Debugging the root route","timestamp":"2024-08-07T04:24:42.881Z"}
{"level":"info","message":"Serving the root route","timestamp":"2024-08-07T04:24:42.881Z"}
{"level":"info","message":"Incoming request: GET /","timestamp":"2024-08-07T04:24:50.145Z"}
{"level":"debug","message":"Debugging the root route","timestamp":"2024-08-07T04:24:50.146Z"}
{"level":"info","message":"Serving the root route","timestamp":"2024-08-07T04:24:50.146Z"}
{"level":"info","message":"Server is running on port 3000","timestamp":"2024-08-07T04:35:51.387Z"}
{"level":"info","message":"Server is running on port 3000","timestamp":"2024-08-07T04:36:26.029Z"}
{"level":"info","message":"Server is running on port 3000","timestamp":"2024-08-07T04:36:42.806Z"}
{"level":"info","message":"MongoDB Connected: ac-kqp0rtz-shard-00-02.hgasejj.mongodb.net","timestamp":"2024-08-07T04:36:42.944Z"}
{"level":"info","message":"Server is running on port 3000","timestamp":"2024-08-07T04:36:57.827Z"}
{"level":"info","message":"MongoDB Connected: ac-kqp0rtz-shard-00-01.hgasejj.mongodb.net","timestamp":"2024-08-07T04:36:58.025Z"}
{"level":"info","message":"Server is running on port 3000","timestamp":"2024-08-07T04:38:36.837Z"}
{"level":"info","message":"MongoDB Connected: ac-kqp0rtz-shard-00-00.hgasejj.mongodb.net","timestamp":"2024-08-07T04:38:37.169Z"}
{"level":"info","message":"Server is running on port 3000","timestamp":"2024-08-07T04:39:05.254Z"}
{"level":"info","message":"MongoDB Connected: ac-kqp0rtz-shard-00-00.hgasejj.mongodb.net","timestamp":"2024-08-07T04:39:05.416Z"}
{"level":"info","message":"Server is running on port 3000","timestamp":"2024-08-07T04:40:38.430Z"}
{"level":"info","message":"MongoDB Connected: ac-kqp0rtz-shard-00-00.hgasejj.mongodb.net","timestamp":"2024-08-07T04:40:38.637Z"}
{"level":"info","message":"Server is running on port 3000","timestamp":"2024-08-07T04:40:42.031Z"}
{"level":"info","message":"MongoDB Connected: ac-kqp0rtz-shard-00-00.hgasejj.mongodb.net","timestamp":"2024-08-07T04:40:42.166Z"}
{"level":"info","message":"Server is running on port 3000","timestamp":"2024-08-07T04:42:28.002Z"}
{"level":"info","message":"MongoDB Connected: ac-kqp0rtz-shard-00-00.hgasejj.mongodb.net","timestamp":"2024-08-07T04:42:28.176Z"}
{"level":"info","message":"Server is running on port 3000","timestamp":"2024-08-07T04:42:48.115Z"}
{"level":"info","message":"MongoDB Connected: ac-kqp0rtz-shard-00-01.hgasejj.mongodb.net","timestamp":"2024-08-07T04:42:48.280Z"}
{"level":"info","message":"Server is running on port 3000","timestamp":"2024-08-07T04:42:50.430Z"}
{"level":"info","message":"MongoDB Connected: ac-kqp0rtz-shard-00-02.hgasejj.mongodb.net","timestamp":"2024-08-07T04:42:50.566Z"}
{"level":"info","message":"Server is running on port 3000","timestamp":"2024-08-07T04:42:53.885Z"}
{"level":"info","message":"MongoDB Connected: ac-kqp0rtz-shard-00-00.hgasejj.mongodb.net","timestamp":"2024-08-07T04:42:54.027Z"}
{"level":"info","message":"Server is running on port 3000","timestamp":"2024-08-07T04:42:57.185Z"}
{"level":"info","message":"MongoDB Connected: ac-kqp0rtz-shard-00-01.hgasejj.mongodb.net","timestamp":"2024-08-07T04:42:57.316Z"}
{"level":"info","message":"Server is running on port 3000","timestamp":"2024-08-07T04:42:59.517Z"}
{"level":"info","message":"MongoDB Connected: ac-kqp0rtz-shard-00-02.hgasejj.mongodb.net","timestamp":"2024-08-07T04:42:59.710Z"}
{"level":"info","message":"Server is running on port 3000","timestamp":"2024-08-07T04:43:01.536Z"}
{"level":"info","message":"MongoDB Connected: ac-kqp0rtz-shard-00-01.hgasejj.mongodb.net","timestamp":"2024-08-07T04:43:01.662Z"}
{"level":"info","message":"Server is running on port 3000","timestamp":"2024-08-07T04:44:20.017Z"}
{"level":"info","message":"MongoDB Connected: ac-kqp0rtz-shard-00-00.hgasejj.mongodb.net","timestamp":"2024-08-07T04:44:20.277Z"}
{"level":"info","message":"Server is running on port 3000","timestamp":"2024-08-07T04:44:40.848Z"}
{"level":"info","message":"MongoDB Connected: ac-kqp0rtz-shard-00-01.hgasejj.mongodb.net","timestamp":"2024-08-07T04:44:41.002Z"}
{"level":"info","message":"Server is running on port 3000","timestamp":"2024-08-07T04:45:42.228Z"}
{"level":"info","message":"MongoDB Connected: ac-kqp0rtz-shard-00-00.hgasejj.mongodb.net","timestamp":"2024-08-07T04:45:42.431Z"}
{"level":"info","message":"Server is running on port 3000","timestamp":"2024-08-07T04:45:43.506Z"}
{"level":"info","message":"MongoDB Connected: ac-kqp0rtz-shard-00-00.hgasejj.mongodb.net","timestamp":"2024-08-07T04:45:43.640Z"}
{"level":"info","message":"Server is running on port 3000","timestamp":"2024-08-07T04:45:46.421Z"}
{"level":"info","message":"MongoDB Connected: ac-kqp0rtz-shard-00-02.hgasejj.mongodb.net","timestamp":"2024-08-07T04:45:46.577Z"}
{"level":"info","message":"Server is running on port 3000","timestamp":"2024-08-07T04:45:58.283Z"}
{"level":"info","message":"MongoDB Connected: ac-kqp0rtz-shard-00-01.hgasejj.mongodb.net","timestamp":"2024-08-07T04:45:58.421Z"}
{"level":"info","message":"Server is running on port 3000","timestamp":"2024-08-07T04:46:46.755Z"}
{"level":"info","message":"MongoDB Connected: ac-kqp0rtz-shard-00-00.hgasejj.mongodb.net","timestamp":"2024-08-07T04:46:46.982Z"}
{"level":"info","message":"Server is running on port 3000","timestamp":"2024-08-07T04:48:48.578Z"}
{"level":"info","message":"MongoDB Connected: ac-kqp0rtz-shard-00-00.hgasejj.mongodb.net","timestamp":"2024-08-07T04:48:48.844Z"}
{"level":"info","message":"Server is running on port 3000","timestamp":"2024-08-07T04:48:58.514Z"}
{"level":"info","message":"MongoDB Connected: ac-kqp0rtz-shard-00-02.hgasejj.mongodb.net","timestamp":"2024-08-07T04:48:58.655Z"}
{"level":"info","message":"Server is running on port 3000","timestamp":"2024-08-07T04:49:14.560Z"}
{"level":"info","message":"MongoDB Connected: ac-kqp0rtz-shard-00-00.hgasejj.mongodb.net","timestamp":"2024-08-07T04:49:14.695Z"}
{"level":"info","message":"Server is running on port 3000","timestamp":"2024-08-07T04:49:17.181Z"}
{"level":"info","message":"MongoDB Connected: ac-kqp0rtz-shard-00-01.hgasejj.mongodb.net","timestamp":"2024-08-07T04:49:17.328Z"}
{"level":"info","message":"Server is running on port 3000","timestamp":"2024-08-07T04:49:19.528Z"}
{"level":"info","message":"MongoDB Connected: ac-kqp0rtz-shard-00-00.hgasejj.mongodb.net","timestamp":"2024-08-07T04:49:19.662Z"}
{"level":"info","message":"Server is running on port 3000","timestamp":"2024-08-07T04:49:22.736Z"}
{"level":"info","message":"MongoDB Connected: ac-kqp0rtz-shard-00-00.hgasejj.mongodb.net","timestamp":"2024-08-07T04:49:22.893Z"}
{"level":"info","message":"Server is running on port 3000","timestamp":"2024-08-07T04:49:26.096Z"}
{"level":"info","message":"MongoDB Connected: ac-kqp0rtz-shard-00-00.hgasejj.mongodb.net","timestamp":"2024-08-07T04:49:26.234Z"}
{"level":"info","message":"Server is running on port 3000","timestamp":"2024-08-07T04:49:28.176Z"}
{"level":"info","message":"MongoDB Connected: ac-kqp0rtz-shard-00-01.hgasejj.mongodb.net","timestamp":"2024-08-07T04:49:28.335Z"}
{"level":"info","message":"Server is running on port 3000","timestamp":"2024-08-07T04:49:29.937Z"}
{"level":"info","message":"MongoDB Connected: ac-kqp0rtz-shard-00-01.hgasejj.mongodb.net","timestamp":"2024-08-07T04:49:30.076Z"}
{"level":"info","message":"Server is running on port 3000","timestamp":"2024-08-07T04:49:56.371Z"}
{"level":"info","message":"MongoDB Connected: ac-kqp0rtz-shard-00-00.hgasejj.mongodb.net","timestamp":"2024-08-07T04:49:56.570Z"}
{"level":"info","message":"Server is running on port 3000","timestamp":"2024-08-07T04:50:07.606Z"}
{"level":"info","message":"MongoDB Connected: ac-kqp0rtz-shard-00-02.hgasejj.mongodb.net","timestamp":"2024-08-07T04:50:07.755Z"}
{"level":"info","message":"Server is running on port 3000","timestamp":"2024-08-07T04:50:32.398Z"}
{"level":"info","message":"MongoDB Connected: ac-kqp0rtz-shard-00-00.hgasejj.mongodb.net","timestamp":"2024-08-07T04:50:32.534Z"}
{"level":"info","message":"Server is running on port 3000","timestamp":"2024-08-07T04:51:00.175Z"}
{"level":"info","message":"MongoDB Connected: ac-kqp0rtz-shard-00-00.hgasejj.mongodb.net","timestamp":"2024-08-07T04:51:00.375Z"}
{"level":"info","message":"Server is running on port 3000","timestamp":"2024-08-07T04:51:03.869Z"}
{"level":"info","message":"MongoDB Connected: ac-kqp0rtz-shard-00-02.hgasejj.mongodb.net","timestamp":"2024-08-07T04:51:04.001Z"}
{"level":"info","message":"Server is running on port 3000","timestamp":"2024-08-07T04:52:51.381Z"}
{"level":"info","message":"MongoDB Connected: ac-kqp0rtz-shard-00-00.hgasejj.mongodb.net","timestamp":"2024-08-07T04:52:51.622Z"}
{"level":"info","message":"Server is running on port 3000","timestamp":"2024-08-07T04:53:24.149Z"}
{"level":"info","message":"MongoDB Connected: ac-kqp0rtz-shard-00-01.hgasejj.mongodb.net","timestamp":"2024-08-07T04:53:24.308Z"}
{"level":"info","message":"Server is running on port 3000","timestamp":"2024-08-07T04:54:21.343Z"}
{"level":"info","message":"MongoDB Connected: ac-kqp0rtz-shard-00-00.hgasejj.mongodb.net","timestamp":"2024-08-07T04:54:21.556Z"}
{"level":"info","message":"Server is running on port 3000","timestamp":"2024-08-07T04:54:34.811Z"}
{"level":"info","message":"MongoDB Connected: ac-kqp0rtz-shard-00-02.hgasejj.mongodb.net","timestamp":"2024-08-07T04:54:34.954Z"}
{"level":"info","message":"Server is running on port 3000","timestamp":"2024-08-07T04:54:40.504Z"}
{"level":"info","message":"MongoDB Connected: ac-kqp0rtz-shard-00-01.hgasejj.mongodb.net","timestamp":"2024-08-07T04:54:40.638Z"}
{"level":"info","message":"Server is running on port 3000","timestamp":"2024-08-07T04:56:15.931Z"}
{"level":"info","message":"MongoDB Connected: ac-kqp0rtz-shard-00-00.hgasejj.mongodb.net","timestamp":"2024-08-07T04:56:16.151Z"}
