{"level":"info","message":"Server is running on port 3000","timestamp":"2024-08-07T04:56:27.470Z"}
{"level":"info","message":"MongoDB Connected: ac-kqp0rtz-shard-00-02.hgasejj.mongodb.net","timestamp":"2024-08-07T04:56:27.603Z"}
{"level":"info","message":"Server is running on port 3000","timestamp":"2024-08-07T04:56:51.819Z"}
{"level":"info","message":"MongoDB Connected: ac-kqp0rtz-shard-00-02.hgasejj.mongodb.net","timestamp":"2024-08-07T04:56:51.951Z"}
{"level":"info","message":"Server is running on port 3000","timestamp":"2024-08-07T04:57:57.653Z"}
{"level":"info","message":"MongoDB Connected: ac-kqp0rtz-shard-00-00.hgasejj.mongodb.net","timestamp":"2024-08-07T04:57:57.852Z"}
{"level":"info","message":"Server is running on port 3000","timestamp":"2024-08-07T04:58:13.521Z"}
{"level":"info","message":"MongoDB Connected: ac-kqp0rtz-shard-00-00.hgasejj.mongodb.net","timestamp":"2024-08-07T04:58:13.650Z"}
{"level":"info","message":"Server is running on port 3000","timestamp":"2024-08-07T04:58:22.808Z"}
{"level":"info","message":"MongoDB Connected: ac-kqp0rtz-shard-00-01.hgasejj.mongodb.net","timestamp":"2024-08-07T04:58:22.952Z"}
{"level":"info","message":"Server is running on port 3000","timestamp":"2024-08-07T04:58:43.204Z"}
{"level":"info","message":"MongoDB Connected: ac-kqp0rtz-shard-00-00.hgasejj.mongodb.net","timestamp":"2024-08-07T04:58:43.353Z"}
{"level":"info","message":"Server is running on port 3000","timestamp":"2024-08-07T05:01:56.504Z"}
{"level":"info","message":"MongoDB Connected: ac-kqp0rtz-shard-00-00.hgasejj.mongodb.net","timestamp":"2024-08-07T05:01:56.750Z"}
{"level":"info","message":"Server is running on port 5000","timestamp":"2024-08-07T05:02:47.275Z"}
{"level":"info","message":"MongoDB Connected: ac-kqp0rtz-shard-00-00.hgasejj.mongodb.net","timestamp":"2024-08-07T05:02:47.408Z"}
{"level":"debug","message":"Debugging the root route","timestamp":"2024-08-07T05:02:54.955Z"}
{"level":"info","message":"Serving the root route","timestamp":"2024-08-07T05:02:54.956Z"}
{"level":"info","message":"::1 - - [07/Aug/2024:05:02:54 +0000] \"GET / HTTP/1.1\" 200 12 \"https://github.com/\" \"Mozilla/5.0 (Windows NT 10.0; Win64; x64) AppleWebKit/537.36 (KHTML, like Gecko) Chrome/127.0.0.0 Safari/537.36\"","timestamp":"2024-08-07T05:02:54.960Z"}
{"level":"info","message":"::1 - - [07/Aug/2024:05:02:58 +0000] \"GET /favicon.ico HTTP/1.1\" 404 150 \"https://shiny-tribble-x5wwpr5xgjwr3vgw5-5000.app.github.dev/\" \"Mozilla/5.0 (Windows NT 10.0; Win64; x64) AppleWebKit/537.36 (KHTML, like Gecko) Chrome/127.0.0.0 Safari/537.36\"","timestamp":"2024-08-07T05:02:58.200Z"}
{"level":"debug","message":"Debugging the root route","timestamp":"2024-08-07T05:03:01.392Z"}
{"level":"info","message":"Serving the root route","timestamp":"2024-08-07T05:03:01.392Z"}
{"level":"info","message":"::1 - - [07/Aug/2024:05:03:01 +0000] \"GET / HTTP/1.1\" 304 - \"https://github.com/\" \"Mozilla/5.0 (Windows NT 10.0; Win64; x64) AppleWebKit/537.36 (KHTML, like Gecko) Chrome/127.0.0.0 Safari/537.36\"","timestamp":"2024-08-07T05:03:01.394Z"}
{"level":"info","message":"Server is running on port 5000","timestamp":"2024-08-07T05:04:32.533Z"}
{"level":"info","message":"MongoDB Connected: ac-kqp0rtz-shard-00-00.hgasejj.mongodb.net","timestamp":"2024-08-07T05:04:32.741Z"}
{"level":"info","message":"Server is running on port 5000","timestamp":"2024-08-07T05:04:57.923Z"}
{"level":"info","message":"MongoDB Connected: ac-kqp0rtz-shard-00-00.hgasejj.mongodb.net","timestamp":"2024-08-07T05:04:58.097Z"}
{"level":"info","message":"Server is running on port 5000","timestamp":"2024-08-07T05:05:22.895Z"}
{"level":"info","message":"MongoDB Connected: ac-kqp0rtz-shard-00-01.hgasejj.mongodb.net","timestamp":"2024-08-07T05:05:23.030Z"}
{"level":"info","message":"Server is running on port 5000","timestamp":"2024-08-07T05:05:29.039Z"}
{"level":"info","message":"MongoDB Connected: ac-kqp0rtz-shard-00-01.hgasejj.mongodb.net","timestamp":"2024-08-07T05:05:29.182Z"}
{"level":"info","message":"Server is running on port 5000","timestamp":"2024-08-07T05:05:45.201Z"}
{"level":"info","message":"MongoDB Connected: ac-kqp0rtz-shard-00-00.hgasejj.mongodb.net","timestamp":"2024-08-07T05:05:45.383Z"}
{"level":"info","message":"Server is running on port 5000","timestamp":"2024-08-07T05:06:57.837Z"}
{"level":"info","message":"MongoDB Connected: ac-kqp0rtz-shard-00-00.hgasejj.mongodb.net","timestamp":"2024-08-07T05:06:58.081Z"}
{"level":"info","message":"Server is running on port 5000","timestamp":"2024-08-07T05:07:19.511Z"}
{"level":"info","message":"MongoDB Connected: ac-kqp0rtz-shard-00-00.hgasejj.mongodb.net","timestamp":"2024-08-07T05:07:19.657Z"}
{"level":"info","message":"Server is running on port 5000","timestamp":"2024-08-07T05:07:31.771Z"}
{"level":"info","message":"MongoDB Connected: ac-kqp0rtz-shard-00-00.hgasejj.mongodb.net","timestamp":"2024-08-07T05:07:31.983Z"}
{"level":"info","message":"Server is running on port 5000","timestamp":"2024-08-07T05:07:33.191Z"}
{"level":"info","message":"MongoDB Connected: ac-kqp0rtz-shard-00-01.hgasejj.mongodb.net","timestamp":"2024-08-07T05:07:33.354Z"}
{"level":"info","message":"Server is running on port 5000","timestamp":"2024-08-07T05:07:37.687Z"}
{"level":"info","message":"MongoDB Connected: ac-kqp0rtz-shard-00-00.hgasejj.mongodb.net","timestamp":"2024-08-07T05:07:37.859Z"}
{"level":"info","message":"Server is running on port 5000","timestamp":"2024-08-07T05:07:40.204Z"}
{"level":"info","message":"MongoDB Connected: ac-kqp0rtz-shard-00-02.hgasejj.mongodb.net","timestamp":"2024-08-07T05:07:40.350Z"}
{"level":"info","message":"MongoDB Connected: ac-kqp0rtz-shard-00-00.hgasejj.mongodb.net","timestamp":"2024-08-07T05:08:26.941Z"}
{"level":"info","message":"Server running in development mode on port 5000","timestamp":"2024-08-07T05:08:59.338Z"}
{"level":"info","message":"MongoDB Connected: ac-kqp0rtz-shard-00-02.hgasejj.mongodb.net","timestamp":"2024-08-07T05:08:59.499Z"}
{"level":"info","message":"Server running in development mode on port 5000","timestamp":"2024-08-07T05:09:21.111Z"}
{"level":"info","message":"MongoDB Connected: ac-kqp0rtz-shard-00-00.hgasejj.mongodb.net","timestamp":"2024-08-07T05:09:21.272Z"}
{"level":"info","message":"Server running in development mode on port 5000","timestamp":"2024-08-07T05:15:26.186Z"}
{"level":"info","message":"MongoDB Connected: ac-kqp0rtz-shard-00-00.hgasejj.mongodb.net","timestamp":"2024-08-07T05:15:26.383Z"}
{"level":"info","message":"Server running in development mode on port 5000","timestamp":"2024-08-07T05:15:41.350Z"}
{"level":"info","message":"MongoDB Connected: ac-kqp0rtz-shard-00-02.hgasejj.mongodb.net","timestamp":"2024-08-07T05:15:41.559Z"}
{"level":"info","message":"Server running in development mode on port 5000","timestamp":"2024-08-07T05:15:56.540Z"}
{"level":"info","message":"MongoDB Connected: ac-kqp0rtz-shard-00-01.hgasejj.mongodb.net","timestamp":"2024-08-07T05:15:56.843Z"}
{"level":"info","message":"Server running in development mode on port 5000","timestamp":"2024-08-07T05:16:08.020Z"}
{"level":"info","message":"MongoDB Connected: ac-kqp0rtz-shard-00-00.hgasejj.mongodb.net","timestamp":"2024-08-07T05:16:08.279Z"}
{"level":"info","message":"Server running in development mode on port 5000","timestamp":"2024-08-07T05:16:09.118Z"}
{"level":"info","message":"MongoDB Connected: ac-kqp0rtz-shard-00-02.hgasejj.mongodb.net","timestamp":"2024-08-07T05:16:09.269Z"}
{"level":"info","message":"Server running in development mode on port 5000","timestamp":"2024-08-07T05:25:22.878Z"}
{"level":"info","message":"MongoDB Connected: ac-kqp0rtz-shard-00-00.hgasejj.mongodb.net","timestamp":"2024-08-07T05:25:23.075Z"}
{"level":"info","message":"Server running in development mode on port 5000","timestamp":"2024-08-07T05:25:28.173Z"}
{"level":"info","message":"MongoDB Connected: ac-kqp0rtz-shard-00-00.hgasejj.mongodb.net","timestamp":"2024-08-07T05:25:28.447Z"}
{"level":"info","message":"Server running in development mode on port 5000","timestamp":"2024-08-07T05:25:47.109Z"}
{"level":"info","message":"MongoDB Connected: ac-kqp0rtz-shard-00-00.hgasejj.mongodb.net","timestamp":"2024-08-07T05:25:47.326Z"}
{"level":"info","message":"Server running in development mode on port 5000","timestamp":"2024-08-07T05:25:48.305Z"}
{"level":"info","message":"MongoDB Connected: ac-kqp0rtz-shard-00-01.hgasejj.mongodb.net","timestamp":"2024-08-07T05:25:48.433Z"}
{"level":"info","message":"Server running in development mode on port 5000","timestamp":"2024-08-07T05:25:59.740Z"}
{"level":"info","message":"MongoDB Connected: ac-kqp0rtz-shard-00-01.hgasejj.mongodb.net","timestamp":"2024-08-07T05:25:59.912Z"}
{"level":"info","message":"Server running in development mode on port 5000","timestamp":"2024-08-07T05:27:45.880Z"}
{"level":"info","message":"MongoDB Connected: ac-kqp0rtz-shard-00-00.hgasejj.mongodb.net","timestamp":"2024-08-07T05:27:46.111Z"}
{"level":"info","message":"Server running in development mode on port 5000","timestamp":"2024-08-07T05:27:51.392Z"}
{"level":"info","message":"MongoDB Connected: ac-kqp0rtz-shard-00-02.hgasejj.mongodb.net","timestamp":"2024-08-07T05:27:51.525Z"}
{"level":"info","message":"Server running in development mode on port 5000","timestamp":"2024-08-07T05:27:55.587Z"}
{"level":"info","message":"MongoDB Connected: ac-kqp0rtz-shard-00-00.hgasejj.mongodb.net","timestamp":"2024-08-07T05:27:55.733Z"}
{"level":"info","message":"Server running in development mode on port 5000","timestamp":"2024-08-07T05:29:01.047Z"}
{"level":"info","message":"MongoDB Connected: ac-kqp0rtz-shard-00-00.hgasejj.mongodb.net","timestamp":"2024-08-07T05:29:01.283Z"}
{"level":"info","message":"Server running in development mode on port 5000","timestamp":"2024-08-07T05:29:07.283Z"}
{"level":"info","message":"MongoDB Connected: ac-kqp0rtz-shard-00-00.hgasejj.mongodb.net","timestamp":"2024-08-07T05:29:07.430Z"}
{"level":"info","message":"Server running in development mode on port 5000","timestamp":"2024-08-07T05:32:25.223Z"}
{"level":"info","message":"MongoDB Connected: ac-kqp0rtz-shard-00-00.hgasejj.mongodb.net","timestamp":"2024-08-07T05:32:25.491Z"}
{"level":"info","message":"Server running in development mode on port 5000","timestamp":"2024-08-07T05:33:37.362Z"}
{"level":"info","message":"MongoDB Connected: ac-kqp0rtz-shard-00-00.hgasejj.mongodb.net","timestamp":"2024-08-07T05:33:37.582Z"}
{"level":"info","message":"Server running in development mode on port 5000","timestamp":"2024-08-07T05:33:49.373Z"}
{"level":"info","message":"MongoDB Connected: ac-kqp0rtz-shard-00-02.hgasejj.mongodb.net","timestamp":"2024-08-07T05:33:49.504Z"}
{"level":"info","message":"Server running in development mode on port 5000","timestamp":"2024-08-07T05:33:56.833Z"}
{"level":"info","message":"MongoDB Connected: ac-kqp0rtz-shard-00-01.hgasejj.mongodb.net","timestamp":"2024-08-07T05:33:56.973Z"}
{"level":"info","message":"Server running in development mode on port 5000","timestamp":"2024-08-07T05:34:08.102Z"}
{"level":"info","message":"MongoDB Connected: ac-kqp0rtz-shard-00-01.hgasejj.mongodb.net","timestamp":"2024-08-07T05:34:08.303Z"}
{"level":"info","message":"Server running in development mode on port 5000","timestamp":"2024-08-07T05:34:09.245Z"}
{"level":"info","message":"MongoDB Connected: ac-kqp0rtz-shard-00-01.hgasejj.mongodb.net","timestamp":"2024-08-07T05:34:09.406Z"}
{"level":"info","message":"Server running in development mode on port 5000","timestamp":"2024-08-07T05:34:19.815Z"}
{"level":"info","message":"MongoDB Connected: ac-kqp0rtz-shard-00-01.hgasejj.mongodb.net","timestamp":"2024-08-07T05:34:19.957Z"}
{"level":"info","message":"Server running in development mode on port 5000","timestamp":"2024-08-07T05:35:33.483Z"}
{"level":"info","message":"MongoDB Connected: ac-kqp0rtz-shard-00-00.hgasejj.mongodb.net","timestamp":"2024-08-07T05:35:33.731Z"}
{"level":"info","message":"Server running in development mode on port 5000","timestamp":"2024-08-07T05:41:56.574Z"}
{"level":"info","message":"MongoDB Connected: ac-kqp0rtz-shard-00-00.hgasejj.mongodb.net","timestamp":"2024-08-07T05:41:56.772Z"}
{"level":"info","message":"Server running in development mode on port 5000","timestamp":"2024-08-07T05:53:28.909Z"}
{"level":"info","message":"MongoDB Connected: ac-kqp0rtz-shard-00-00.hgasejj.mongodb.net","timestamp":"2024-08-07T05:53:29.159Z"}
{"level":"info","message":"Server running in development mode on port 5000","timestamp":"2024-08-07T05:53:31.047Z"}
{"level":"info","message":"MongoDB Connected: ac-kqp0rtz-shard-00-02.hgasejj.mongodb.net","timestamp":"2024-08-07T05:53:31.198Z"}
{"level":"info","message":"Server running in development mode on port 5000","timestamp":"2024-08-07T05:53:44.467Z"}
{"level":"info","message":"MongoDB Connected: ac-kqp0rtz-shard-00-01.hgasejj.mongodb.net","timestamp":"2024-08-07T05:53:44.624Z"}
{"level":"info","message":"Server running in development mode on port 5000","timestamp":"2024-08-07T05:54:14.605Z"}
{"level":"info","message":"MongoDB Connected: ac-kqp0rtz-shard-00-01.hgasejj.mongodb.net","timestamp":"2024-08-07T05:54:14.793Z"}
{"level":"info","message":"Server running in development mode on port 5000","timestamp":"2024-08-07T05:54:19.808Z"}
{"level":"info","message":"MongoDB Connected: ac-kqp0rtz-shard-00-01.hgasejj.mongodb.net","timestamp":"2024-08-07T05:54:19.956Z"}
{"level":"info","message":"Server running in development mode on port 5000","timestamp":"2024-08-07T05:54:21.511Z"}
{"level":"info","message":"MongoDB Connected: ac-kqp0rtz-shard-00-01.hgasejj.mongodb.net","timestamp":"2024-08-07T05:54:21.641Z"}
{"level":"info","message":"Server running in development mode on port 5000","timestamp":"2024-08-07T05:54:28.209Z"}
{"level":"info","message":"MongoDB Connected: ac-kqp0rtz-shard-00-00.hgasejj.mongodb.net","timestamp":"2024-08-07T05:54:28.359Z"}
{"level":"info","message":"::1 - - [07/Aug/2024:06:14:46 +0000] \"GET / HTTP/1.1\" 200 23 \"https://github.com/\" \"Mozilla/5.0 (Windows NT 10.0; Win64; x64) AppleWebKit/537.36 (KHTML, like Gecko) Chrome/127.0.0.0 Safari/537.36\"","timestamp":"2024-08-07T06:14:46.615Z"}
{"level":"info","message":"::1 - - [07/Aug/2024:06:15:19 +0000] \"GET / HTTP/1.1\" 200 23 \"https://github.com/\" \"Mozilla/5.0 (Windows NT 10.0; Win64; x64) AppleWebKit/537.36 (KHTML, like Gecko) Chrome/127.0.0.0 Safari/537.36\"","timestamp":"2024-08-07T06:15:19.743Z"}
{"level":"info","message":"::1 - - [07/Aug/2024:06:35:02 +0000] \"GET / HTTP/1.1\" 200 23 \"https://github.com/\" \"Mozilla/5.0 (Windows NT 10.0; Win64; x64) AppleWebKit/537.36 (KHTML, like Gecko) Chrome/127.0.0.0 Safari/537.36\"","timestamp":"2024-08-07T06:35:02.891Z"}
{"level":"info","message":"Server running in development mode on port 5000","timestamp":"2024-08-07T06:36:05.329Z"}
{"level":"info","message":"MongoDB Connected: ac-kqp0rtz-shard-00-00.hgasejj.mongodb.net","timestamp":"2024-08-07T06:36:05.615Z"}
{"level":"info","message":"Server running in development mode on port 5000","timestamp":"2024-08-07T06:36:08.093Z"}
{"level":"info","message":"MongoDB Connected: ac-kqp0rtz-shard-00-00.hgasejj.mongodb.net","timestamp":"2024-08-07T06:36:08.351Z"}
{"level":"info","message":"Server running in development mode on port 5000","timestamp":"2024-08-07T06:36:58.329Z"}
{"level":"info","message":"MongoDB Connected: ac-kqp0rtz-shard-00-02.hgasejj.mongodb.net","timestamp":"2024-08-07T06:36:58.502Z"}
{"level":"info","message":"Server running in development mode on port 5000","timestamp":"2024-08-07T06:37:01.260Z"}
{"level":"info","message":"MongoDB Connected: ac-kqp0rtz-shard-00-00.hgasejj.mongodb.net","timestamp":"2024-08-07T06:37:01.454Z"}
{"level":"info","message":"Server running in development mode on port 5000","timestamp":"2024-08-07T06:37:02.479Z"}
{"level":"info","message":"MongoDB Connected: ac-kqp0rtz-shard-00-01.hgasejj.mongodb.net","timestamp":"2024-08-07T06:37:02.695Z"}
{"level":"info","message":"Server running in development mode on port 5000","timestamp":"2024-08-07T06:38:00.282Z"}
{"level":"info","message":"MongoDB Connected: ac-kqp0rtz-shard-00-00.hgasejj.mongodb.net","timestamp":"2024-08-07T06:38:00.499Z"}
{"level":"info","message":"Server running in development mode on port 5000","timestamp":"2024-08-07T06:42:05.247Z"}
{"level":"info","message":"MongoDB Connected: ac-kqp0rtz-shard-00-00.hgasejj.mongodb.net","timestamp":"2024-08-07T06:42:05.463Z"}
{"level":"info","message":"Server running in development mode on port 5000","timestamp":"2024-08-07T06:42:09.757Z"}
{"level":"info","message":"MongoDB Connected: ac-kqp0rtz-shard-00-01.hgasejj.mongodb.net","timestamp":"2024-08-07T06:42:09.944Z"}
{"level":"info","message":"Server running in development mode on port 5000","timestamp":"2024-08-07T06:42:41.611Z"}
{"level":"info","message":"MongoDB Connected: ac-kqp0rtz-shard-00-01.hgasejj.mongodb.net","timestamp":"2024-08-07T06:42:41.809Z"}
{"level":"info","message":"Server running in development mode on port 5000","timestamp":"2024-08-07T06:42:44.299Z"}
{"level":"info","message":"MongoDB Connected: ac-kqp0rtz-shard-00-02.hgasejj.mongodb.net","timestamp":"2024-08-07T06:42:44.456Z"}
{"level":"info","message":"Server running in development mode on port 5000","timestamp":"2024-08-07T06:43:37.554Z"}
{"level":"info","message":"Server running in development mode on port 5000","timestamp":"2024-08-07T06:44:46.661Z"}
{"level":"info","message":"MongoDB Connected: ac-kqp0rtz-shard-00-01.hgasejj.mongodb.net","timestamp":"2024-08-07T06:44:46.864Z"}
{"level":"info","message":"Server running in development mode on port 5000","timestamp":"2024-08-07T06:46:43.797Z"}
{"level":"info","message":"MongoDB Connected: ac-kqp0rtz-shard-00-00.hgasejj.mongodb.net","timestamp":"2024-08-07T06:46:44.030Z"}
{"level":"info","message":"Server running in development mode on port 5000","timestamp":"2024-08-07T06:48:51.882Z"}
{"level":"info","message":"MongoDB Connected: ac-kqp0rtz-shard-00-00.hgasejj.mongodb.net","timestamp":"2024-08-07T06:48:52.162Z"}
{"level":"info","message":"Server running in development mode on port 5000","timestamp":"2024-08-07T06:48:56.229Z"}
{"level":"info","message":"MongoDB Connected: ac-kqp0rtz-shard-00-02.hgasejj.mongodb.net","timestamp":"2024-08-07T06:48:56.385Z"}
{"level":"info","message":"Server running in development mode on port 5000","timestamp":"2024-08-07T06:50:07.602Z"}
{"level":"info","message":"MongoDB Connected: ac-kqp0rtz-shard-00-00.hgasejj.mongodb.net","timestamp":"2024-08-07T06:50:07.850Z"}
{"level":"info","message":"Server running in development mode on port 5000","timestamp":"2024-08-07T06:50:14.355Z"}
{"level":"info","message":"MongoDB Connected: ac-kqp0rtz-shard-00-00.hgasejj.mongodb.net","timestamp":"2024-08-07T06:50:14.499Z"}
{"level":"info","message":"Server running in development mode on port 5000","timestamp":"2024-08-07T06:50:30.109Z"}
{"level":"info","message":"MongoDB Connected: ac-kqp0rtz-shard-00-00.hgasejj.mongodb.net","timestamp":"2024-08-07T06:50:30.287Z"}
{"level":"info","message":"Server running in development mode on port 5000","timestamp":"2024-08-07T06:50:33.059Z"}
{"level":"info","message":"MongoDB Connected: ac-kqp0rtz-shard-00-01.hgasejj.mongodb.net","timestamp":"2024-08-07T06:50:33.341Z"}
{"level":"info","message":"Server running in development mode on port 5000","timestamp":"2024-08-07T06:50:35.087Z"}
{"level":"info","message":"MongoDB Connected: ac-kqp0rtz-shard-00-00.hgasejj.mongodb.net","timestamp":"2024-08-07T06:50:35.348Z"}
{"level":"info","message":"Server running in development mode on port 5000","timestamp":"2024-08-07T06:50:41.111Z"}
{"level":"info","message":"MongoDB Connected: ac-kqp0rtz-shard-00-02.hgasejj.mongodb.net","timestamp":"2024-08-07T06:50:41.360Z"}
{"level":"info","message":"Server running in development mode on port 5000","timestamp":"2024-08-07T06:50:42.407Z"}
{"level":"info","message":"MongoDB Connected: ac-kqp0rtz-shard-00-02.hgasejj.mongodb.net","timestamp":"2024-08-07T06:50:42.610Z"}
{"level":"info","message":"Server running in development mode on port 5000","timestamp":"2024-08-07T06:50:43.840Z"}
{"level":"info","message":"MongoDB Connected: ac-kqp0rtz-shard-00-01.hgasejj.mongodb.net","timestamp":"2024-08-07T06:50:44.057Z"}
{"level":"info","message":"Server running in development mode on port 5000","timestamp":"2024-08-07T06:50:46.075Z"}
{"level":"info","message":"MongoDB Connected: ac-kqp0rtz-shard-00-01.hgasejj.mongodb.net","timestamp":"2024-08-07T06:50:46.277Z"}
{"level":"info","message":"Server running in development mode on port 5000","timestamp":"2024-08-07T06:50:49.418Z"}
{"level":"info","message":"MongoDB Connected: ac-kqp0rtz-shard-00-02.hgasejj.mongodb.net","timestamp":"2024-08-07T06:50:49.574Z"}
{"level":"info","message":"::1 - - [07/Aug/2024:06:57:43 +0000] \"GET / HTTP/1.1\" 200 23 \"https://github.com/\" \"Mozilla/5.0 (Windows NT 10.0; Win64; x64) AppleWebKit/537.36 (KHTML, like Gecko) Chrome/127.0.0.0 Safari/537.36\"","timestamp":"2024-08-07T06:57:43.550Z"}
{"level":"info","message":"Server running in development mode on port 5000","timestamp":"2024-08-07T07:14:30.496Z"}
{"level":"info","message":"MongoDB Connected: ac-kqp0rtz-shard-00-00.hgasejj.mongodb.net","timestamp":"2024-08-07T07:14:30.786Z"}
{"level":"info","message":"Server running in development mode on port 5000","timestamp":"2024-08-07T07:14:41.020Z"}
{"level":"info","message":"MongoDB Connected: ac-kqp0rtz-shard-00-01.hgasejj.mongodb.net","timestamp":"2024-08-07T07:14:41.229Z"}
{"level":"info","message":"Server running in development mode on port 5000","timestamp":"2024-08-07T07:15:03.763Z"}
{"level":"info","message":"MongoDB Connected: ac-kqp0rtz-shard-00-01.hgasejj.mongodb.net","timestamp":"2024-08-07T07:15:03.914Z"}
{"level":"info","message":"Server running in development mode on port 3000","timestamp":"2024-08-07T07:15:30.808Z"}
{"level":"info","message":"MongoDB Connected: ac-kqp0rtz-shard-00-00.hgasejj.mongodb.net","timestamp":"2024-08-07T07:15:31.978Z"}
{"level":"info","message":"Server running in development mode on port 3000","timestamp":"2024-08-07T07:16:15.940Z"}
{"level":"info","message":"MongoDB Connected: ac-kqp0rtz-shard-00-02.hgasejj.mongodb.net","timestamp":"2024-08-07T07:16:16.075Z"}
{"level":"info","message":"Server running in development mode on port 3000","timestamp":"2024-08-07T07:56:11.497Z"}
{"level":"info","message":"MongoDB Connected: ac-kqp0rtz-shard-00-00.hgasejj.mongodb.net","timestamp":"2024-08-07T07:56:11.724Z"}
{"level":"info","message":"::1 - - [07/Aug/2024:07:56:27 +0000] \"GET / HTTP/1.1\" 200 23 \"https://shiny-tribble-x5wwpr5xgjwr3vgw5.github.dev/\" \"Mozilla/5.0 (Windows NT 10.0; Win64; x64) AppleWebKit/537.36 (KHTML, like Gecko) Chrome/127.0.0.0 Safari/537.36\"","timestamp":"2024-08-07T07:56:27.854Z"}
{"level":"info","message":"::1 - - [07/Aug/2024:07:56:29 +0000] \"GET /favicon.ico HTTP/1.1\" 404 150 \"https://shiny-tribble-x5wwpr5xgjwr3vgw5-3000.app.github.dev/\" \"Mozilla/5.0 (Windows NT 10.0; Win64; x64) AppleWebKit/537.36 (KHTML, like Gecko) Chrome/127.0.0.0 Safari/537.36\"","timestamp":"2024-08-07T07:56:29.276Z"}
{"level":"info","message":"Server running in development mode on port 3000","timestamp":"2024-08-07T07:58:17.024Z"}
{"level":"info","message":"MongoDB Connected: ac-kqp0rtz-shard-00-00.hgasejj.mongodb.net","timestamp":"2024-08-07T07:58:17.238Z"}
{"level":"info","message":"::1 - - [07/Aug/2024:07:58:22 +0000] \"GET / HTTP/1.1\" 304 - \"https://shiny-tribble-x5wwpr5xgjwr3vgw5.github.dev/\" \"Mozilla/5.0 (Windows NT 10.0; Win64; x64) AppleWebKit/537.36 (KHTML, like Gecko) Chrome/127.0.0.0 Safari/537.36\"","timestamp":"2024-08-07T07:58:22.168Z"}
{"level":"info","message":"::1 - - [07/Aug/2024:08:00:01 +0000] \"GET / HTTP/1.1\" 200 23 \"https://shiny-tribble-x5wwpr5xgjwr3vgw5.github.dev/\" \"Mozilla/5.0 (Windows NT 10.0; Win64; x64) AppleWebKit/537.36 (KHTML, like Gecko) Chrome/127.0.0.0 Safari/537.36\"","timestamp":"2024-08-07T08:00:01.535Z"}
{"level":"info","message":"::1 - - [07/Aug/2024:08:00:05 +0000] \"GET / HTTP/1.1\" 200 23 \"-\" \"PostmanRuntime/7.40.0\"","timestamp":"2024-08-07T08:00:05.617Z"}
{"level":"info","message":"::1 - - [07/Aug/2024:08:00:11 +0000] \"GET / HTTP/1.1\" 200 23 \"-\" \"PostmanRuntime/7.40.0\"","timestamp":"2024-08-07T08:00:11.059Z"}
{"level":"info","message":"::1 - - [07/Aug/2024:08:01:26 +0000] \"GET / HTTP/1.1\" 200 23 \"-\" \"PostmanRuntime/7.40.0\"","timestamp":"2024-08-07T08:01:26.031Z"}
{"level":"info","message":"Server running in development mode on port 3000","timestamp":"2024-08-07T08:06:49.831Z"}
{"level":"info","message":"MongoDB Connected: ac-kqp0rtz-shard-00-00.hgasejj.mongodb.net","timestamp":"2024-08-07T08:06:50.097Z"}
{"level":"info","message":"Server running in development mode on port 3000","timestamp":"2024-08-07T08:06:55.612Z"}
{"level":"info","message":"MongoDB Connected: ac-kqp0rtz-shard-00-00.hgasejj.mongodb.net","timestamp":"2024-08-07T08:06:55.787Z"}
{"level":"info","message":"Server running in development mode on port 3000","timestamp":"2024-08-07T08:06:58.922Z"}
{"level":"info","message":"MongoDB Connected: ac-kqp0rtz-shard-00-02.hgasejj.mongodb.net","timestamp":"2024-08-07T08:06:59.065Z"}
{"level":"info","message":"Server running in development mode on port 3000","timestamp":"2024-08-07T08:07:00.736Z"}
{"level":"info","message":"MongoDB Connected: ac-kqp0rtz-shard-00-02.hgasejj.mongodb.net","timestamp":"2024-08-07T08:07:00.881Z"}
{"level":"info","message":"Server running in development mode on port 3000","timestamp":"2024-08-07T08:07:04.399Z"}
{"level":"info","message":"MongoDB Connected: ac-kqp0rtz-shard-00-02.hgasejj.mongodb.net","timestamp":"2024-08-07T08:07:04.557Z"}
{"level":"info","message":"Server running in development mode on port 3000","timestamp":"2024-08-07T08:09:12.149Z"}
{"level":"info","message":"MongoDB Connected: ac-kqp0rtz-shard-00-00.hgasejj.mongodb.net","timestamp":"2024-08-07T08:09:12.401Z"}
{"level":"info","message":"Server running in development mode on port 3000","timestamp":"2024-08-07T08:09:35.532Z"}
{"level":"info","message":"MongoDB Connected: ac-kqp0rtz-shard-00-02.hgasejj.mongodb.net","timestamp":"2024-08-07T08:09:35.693Z"}
{"level":"info","message":"::1 - - [07/Aug/2024:08:11:25 +0000] \"GET / HTTP/1.1\" 200 23 \"https://shiny-tribble-x5wwpr5xgjwr3vgw5.github.dev/\" \"Mozilla/5.0 (Windows NT 10.0; Win64; x64) AppleWebKit/537.36 (KHTML, like Gecko) Chrome/127.0.0.0 Safari/537.36\"","timestamp":"2024-08-07T08:11:25.797Z"}
{"level":"info","message":"Server running in development mode on port 3000","timestamp":"2024-08-07T08:11:40.495Z"}
{"level":"info","message":"MongoDB Connected: ac-kqp0rtz-shard-00-00.hgasejj.mongodb.net","timestamp":"2024-08-07T08:11:40.810Z"}
{"level":"info","message":"::1 - - [07/Aug/2024:08:13:35 +0000] \"GET / HTTP/1.1\" 200 23 \"-\" \"PostmanRuntime/7.40.0\"","timestamp":"2024-08-07T08:13:35.231Z"}
{"level":"info","message":"::1 - - [07/Aug/2024:08:14:04 +0000] \"GET /api/homeowners HTTP/1.1\" 404 153 \"-\" \"PostmanRuntime/7.40.0\"","timestamp":"2024-08-07T08:14:04.190Z"}
{"level":"info","message":"::1 - - [07/Aug/2024:08:14:09 +0000] \"POST /api/homeowners HTTP/1.1\" 404 154 \"-\" \"PostmanRuntime/7.40.0\"","timestamp":"2024-08-07T08:14:09.400Z"}
{"level":"info","message":"Server running in development mode on port 3000","timestamp":"2024-08-07T08:16:23.837Z"}
{"level":"info","message":"MongoDB Connected: ac-kqp0rtz-shard-00-00.hgasejj.mongodb.net","timestamp":"2024-08-07T08:16:24.134Z"}
{"level":"info","message":"Server running in development mode on port 3000","timestamp":"2024-08-07T08:17:31.293Z"}
{"level":"info","message":"MongoDB Connected: ac-kqp0rtz-shard-00-00.hgasejj.mongodb.net","timestamp":"2024-08-07T08:17:31.493Z"}
{"level":"info","message":"Server running in development mode on port 3000","timestamp":"2024-08-07T08:17:56.978Z"}
{"level":"info","message":"MongoDB Connected: ac-kqp0rtz-shard-00-00.hgasejj.mongodb.net","timestamp":"2024-08-07T08:17:57.148Z"}
{"level":"info","message":"::1 - - [07/Aug/2024:08:22:15 +0000] \"GET / HTTP/1.1\" 200 23 \"https://shiny-tribble-x5wwpr5xgjwr3vgw5.github.dev/\" \"Mozilla/5.0 (Windows NT 10.0; Win64; x64) AppleWebKit/537.36 (KHTML, like Gecko) Chrome/127.0.0.0 Safari/537.36\"","timestamp":"2024-08-07T08:22:15.818Z"}
{"level":"info","message":"::1 - - [07/Aug/2024:08:22:21 +0000] \"GET /favicon.ico HTTP/1.1\" 404 150 \"https://shiny-tribble-x5wwpr5xgjwr3vgw5-3000.app.github.dev/\" \"Mozilla/5.0 (Windows NT 10.0; Win64; x64) AppleWebKit/537.36 (KHTML, like Gecko) Chrome/127.0.0.0 Safari/537.36\"","timestamp":"2024-08-07T08:22:21.815Z"}
{"level":"info","message":"::1 - - [07/Aug/2024:08:24:39 +0000] \"GET / HTTP/1.1\" 200 23 \"-\" \"PostmanRuntime/7.40.0\"","timestamp":"2024-08-07T08:24:39.291Z"}
{"level":"info","message":"::1 - - [07/Aug/2024:08:25:50 +0000] \"GET / HTTP/1.1\" 200 23 \"-\" \"PostmanRuntime/7.40.0\"","timestamp":"2024-08-07T08:25:50.326Z"}
{"level":"info","message":"::1 - - [07/Aug/2024:08:26:19 +0000] \"GET / HTTP/1.1\" 200 23 \"-\" \"PostmanRuntime/7.40.0\"","timestamp":"2024-08-07T08:26:19.954Z"}
{"level":"info","message":"::1 - - [07/Aug/2024:08:27:51 +0000] \"POST /api/homeowners/request-otp HTTP/1.1\" 400 271 \"-\" \"PostmanRuntime/7.40.0\"","timestamp":"2024-08-07T08:27:51.842Z"}
{"level":"info","message":"::1 - - [07/Aug/2024:08:28:33 +0000] \"POST /api/homeowners/request-otp HTTP/1.1\" 400 271 \"-\" \"PostmanRuntime/7.40.0\"","timestamp":"2024-08-07T08:28:33.314Z"}
{"level":"info","message":"::1 - - [07/Aug/2024:08:28:52 +0000] \"POST /api/homeowners/request-otp HTTP/1.1\" 400 271 \"-\" \"PostmanRuntime/7.40.0\"","timestamp":"2024-08-07T08:28:52.465Z"}
{"level":"info","message":"::1 - - [07/Aug/2024:08:29:39 +0000] \"POST /api/homeowners/request-otp HTTP/1.1\" 400 271 \"-\" \"PostmanRuntime/7.40.0\"","timestamp":"2024-08-07T08:29:39.594Z"}
{"level":"info","message":"Server running in development mode on port 3000","timestamp":"2024-08-07T08:31:01.221Z"}
{"level":"info","message":"MongoDB Connected: ac-kqp0rtz-shard-00-00.hgasejj.mongodb.net","timestamp":"2024-08-07T08:31:01.431Z"}
{"level":"info","message":"Server running in development mode on port 3000","timestamp":"2024-08-07T08:31:21.600Z"}
{"level":"info","message":"MongoDB Connected: ac-kqp0rtz-shard-00-02.hgasejj.mongodb.net","timestamp":"2024-08-07T08:31:21.751Z"}
{"level":"info","message":"::1 - - [07/Aug/2024:08:31:25 +0000] \"POST /api/homeowners/request-otp HTTP/1.1\" 400 111 \"-\" \"PostmanRuntime/7.40.0\"","timestamp":"2024-08-07T08:31:25.960Z"}
{"level":"info","message":"::1 - - [07/Aug/2024:08:31:43 +0000] \"POST /api/homeowners/request-otp HTTP/1.1\" 500 42 \"-\" \"PostmanRuntime/7.40.0\"","timestamp":"2024-08-07T08:31:43.223Z"}
{"level":"info","message":"::1 - - [07/Aug/2024:08:32:01 +0000] \"POST /api/homeowners/request-otp HTTP/1.1\" 200 30 \"-\" \"PostmanRuntime/7.40.0\"","timestamp":"2024-08-07T08:32:01.526Z"}
{"level":"info","message":"::1 - - [07/Aug/2024:08:32:08 +0000] \"POST /api/homeowners/request-otp HTTP/1.1\" 200 30 \"-\" \"PostmanRuntime/7.40.0\"","timestamp":"2024-08-07T08:32:08.743Z"}
{"level":"info","message":"Server running in development mode on port 3000","timestamp":"2024-08-07T08:32:55.844Z"}
{"level":"info","message":"MongoDB Connected: ac-kqp0rtz-shard-00-00.hgasejj.mongodb.net","timestamp":"2024-08-07T08:32:56.100Z"}
{"level":"info","message":"Server running in development mode on port 3000","timestamp":"2024-08-07T08:34:26.014Z"}
{"level":"info","message":"MongoDB Connected: ac-kqp0rtz-shard-00-00.hgasejj.mongodb.net","timestamp":"2024-08-07T08:34:26.252Z"}
{"level":"info","message":"Server running in development mode on port 3000","timestamp":"2024-08-07T08:34:38.376Z"}
{"level":"info","message":"MongoDB Connected: ac-kqp0rtz-shard-00-01.hgasejj.mongodb.net","timestamp":"2024-08-07T08:34:38.786Z"}
{"level":"info","message":"Server running in development mode on port 3000","timestamp":"2024-08-07T08:35:04.419Z"}
{"level":"info","message":"MongoDB Connected: ac-kqp0rtz-shard-00-02.hgasejj.mongodb.net","timestamp":"2024-08-07T08:35:04.666Z"}
{"level":"info","message":"Server running in development mode on port 3000","timestamp":"2024-08-07T08:35:10.170Z"}
{"level":"info","message":"MongoDB Connected: ac-kqp0rtz-shard-00-02.hgasejj.mongodb.net","timestamp":"2024-08-07T08:35:10.359Z"}
{"level":"info","message":"::1 - - [07/Aug/2024:08:35:12 +0000] \"POST /api/homeowners/request-otp HTTP/1.1\" 200 30 \"-\" \"PostmanRuntime/7.40.0\"","timestamp":"2024-08-07T08:35:12.946Z"}
{"level":"info","message":"::1 - - [07/Aug/2024:08:35:24 +0000] \"POST /api/homeowners/verify-otp HTTP/1.1\" 400 331 \"-\" \"PostmanRuntime/7.40.0\"","timestamp":"2024-08-07T08:35:24.235Z"}
{"level":"info","message":"Server running in development mode on port 3000","timestamp":"2024-08-07T08:36:12.703Z"}
{"level":"info","message":"MongoDB Connected: ac-kqp0rtz-shard-00-00.hgasejj.mongodb.net","timestamp":"2024-08-07T08:36:12.935Z"}
{"level":"info","message":"::1 - - [07/Aug/2024:08:36:19 +0000] \"POST /api/homeowners/verify-otp HTTP/1.1\" 400 36 \"-\" \"PostmanRuntime/7.40.0\"","timestamp":"2024-08-07T08:36:19.156Z"}
{"level":"info","message":"::1 - - [07/Aug/2024:08:36:36 +0000] \"POST /api/homeowners/verify-otp HTTP/1.1\" 400 36 \"-\" \"PostmanRuntime/7.40.0\"","timestamp":"2024-08-07T08:36:36.130Z"}
{"level":"info","message":"::1 - - [07/Aug/2024:08:36:57 +0000] \"POST /api/homeowners/verify-otp HTTP/1.1\" 400 72 \"-\" \"PostmanRuntime/7.40.0\"","timestamp":"2024-08-07T08:36:57.690Z"}
{"level":"info","message":"::1 - - [07/Aug/2024:08:37:06 +0000] \"POST /api/homeowners/verify-otp HTTP/1.1\" 400 36 \"-\" \"PostmanRuntime/7.40.0\"","timestamp":"2024-08-07T08:37:06.895Z"}
{"level":"info","message":"::1 - - [07/Aug/2024:08:37:13 +0000] \"POST /api/homeowners/verify-otp HTTP/1.1\" 400 36 \"-\" \"PostmanRuntime/7.40.0\"","timestamp":"2024-08-07T08:37:13.850Z"}
{"level":"info","message":"::1 - - [07/Aug/2024:08:37:36 +0000] \"POST /api/homeowners/request-otp HTTP/1.1\" 500 42 \"-\" \"PostmanRuntime/7.40.0\"","timestamp":"2024-08-07T08:37:36.791Z"}
{"level":"info","message":"Server running in development mode on port 3000","timestamp":"2024-08-07T08:38:40.501Z"}
{"level":"info","message":"MongoDB Connected: ac-kqp0rtz-shard-00-00.hgasejj.mongodb.net","timestamp":"2024-08-07T08:38:40.757Z"}
{"level":"info","message":"Server running in development mode on port 3000","timestamp":"2024-08-07T08:38:43.405Z"}
{"level":"info","message":"MongoDB Connected: ac-kqp0rtz-shard-00-02.hgasejj.mongodb.net","timestamp":"2024-08-07T08:38:43.556Z"}
{"level":"info","message":"Server running in development mode on port 3000","timestamp":"2024-08-07T08:38:45.847Z"}
{"level":"info","message":"MongoDB Connected: ac-kqp0rtz-shard-00-02.hgasejj.mongodb.net","timestamp":"2024-08-07T08:38:46.019Z"}
{"level":"info","message":"Server running in development mode on port 3000","timestamp":"2024-08-07T08:38:48.867Z"}
{"level":"info","message":"MongoDB Connected: ac-kqp0rtz-shard-00-02.hgasejj.mongodb.net","timestamp":"2024-08-07T08:38:49.068Z"}
{"level":"info","message":"Server running in development mode on port 3000","timestamp":"2024-08-07T08:38:50.254Z"}
{"level":"info","message":"MongoDB Connected: ac-kqp0rtz-shard-00-01.hgasejj.mongodb.net","timestamp":"2024-08-07T08:38:50.444Z"}
{"level":"info","message":"Server running in development mode on port 3000","timestamp":"2024-08-07T08:38:53.827Z"}
{"level":"info","message":"MongoDB Connected: ac-kqp0rtz-shard-00-00.hgasejj.mongodb.net","timestamp":"2024-08-07T08:38:53.988Z"}
{"level":"info","message":"Server running in development mode on port 3000","timestamp":"2024-08-07T08:39:11.198Z"}
{"level":"info","message":"MongoDB Connected: ac-kqp0rtz-shard-00-02.hgasejj.mongodb.net","timestamp":"2024-08-07T08:39:11.344Z"}
{"level":"info","message":"::1 - - [07/Aug/2024:08:39:33 +0000] \"POST /api/homeowners/verify-otp HTTP/1.1\" 400 36 \"-\" \"PostmanRuntime/7.40.0\"","timestamp":"2024-08-07T08:39:33.965Z"}
{"level":"info","message":"::1 - - [07/Aug/2024:08:39:39 +0000] \"POST /api/homeowners/request-otp HTTP/1.1\" 500 42 \"-\" \"PostmanRuntime/7.40.0\"","timestamp":"2024-08-07T08:39:39.571Z"}
{"level":"info","message":"::1 - - [07/Aug/2024:08:39:51 +0000] \"POST /api/homeowners/request-otp HTTP/1.1\" 500 42 \"-\" \"PostmanRuntime/7.40.0\"","timestamp":"2024-08-07T08:39:51.745Z"}
{"level":"info","message":"::1 - - [07/Aug/2024:08:39:53 +0000] \"POST /api/homeowners/request-otp HTTP/1.1\" 500 42 \"-\" \"PostmanRuntime/7.40.0\"","timestamp":"2024-08-07T08:39:53.508Z"}
{"level":"info","message":"::1 - - [07/Aug/2024:08:40:34 +0000] \"POST /api/homeowners/request-otp HTTP/1.1\" 500 42 \"-\" \"PostmanRuntime/7.40.0\"","timestamp":"2024-08-07T08:40:34.295Z"}
{"level":"info","message":"Server running in development mode on port 3000","timestamp":"2024-08-07T08:42:01.971Z"}
{"level":"info","message":"MongoDB Connected: ac-kqp0rtz-shard-00-00.hgasejj.mongodb.net","timestamp":"2024-08-07T08:42:02.254Z"}
{"level":"info","message":"Server running in development mode on port 3000","timestamp":"2024-08-07T08:42:10.079Z"}
{"level":"info","message":"MongoDB Connected: ac-kqp0rtz-shard-00-02.hgasejj.mongodb.net","timestamp":"2024-08-07T08:42:10.242Z"}
{"level":"info","message":"Server running in development mode on port 3000","timestamp":"2024-08-07T08:42:14.744Z"}
{"level":"info","message":"MongoDB Connected: ac-kqp0rtz-shard-00-00.hgasejj.mongodb.net","timestamp":"2024-08-07T08:42:15.132Z"}
{"level":"info","message":"Server running in development mode on port 3000","timestamp":"2024-08-07T08:42:16.828Z"}
{"level":"info","message":"MongoDB Connected: ac-kqp0rtz-shard-00-00.hgasejj.mongodb.net","timestamp":"2024-08-07T08:42:17.055Z"}
{"level":"info","message":"Server running in development mode on port 3000","timestamp":"2024-08-07T08:42:22.682Z"}
{"level":"info","message":"MongoDB Connected: ac-kqp0rtz-shard-00-00.hgasejj.mongodb.net","timestamp":"2024-08-07T08:42:22.869Z"}
{"level":"info","message":"Server running in development mode on port 3000","timestamp":"2024-08-07T08:42:25.835Z"}
{"level":"info","message":"MongoDB Connected: ac-kqp0rtz-shard-00-00.hgasejj.mongodb.net","timestamp":"2024-08-07T08:42:26.074Z"}
{"level":"info","message":"Server running in development mode on port 3000","timestamp":"2024-08-07T08:42:28.680Z"}
{"level":"info","message":"MongoDB Connected: ac-kqp0rtz-shard-00-00.hgasejj.mongodb.net","timestamp":"2024-08-07T08:42:28.903Z"}
{"level":"info","message":"Server running in development mode on port 3000","timestamp":"2024-08-07T08:42:30.301Z"}
{"level":"info","message":"MongoDB Connected: ac-kqp0rtz-shard-00-01.hgasejj.mongodb.net","timestamp":"2024-08-07T08:42:30.574Z"}
{"level":"error","message":"vonage.messages.sendSms is not a function","stack":"TypeError: vonage.messages.sendSms is not a function\n    at file:///workspaces/lampros_backend/services/smsService.js:10:21\n    at new Promise (<anonymous>)\n    at sendSms (file:///workspaces/lampros_backend/services/smsService.js:9:10)\n    at requestOtp (file:///workspaces/lampros_backend/controllers/otpController.js:23:11)\n    at process.processTicksAndRejections (node:internal/process/task_queues:95:5)","timestamp":"2024-08-07T08:42:34.290Z"}
{"level":"info","message":"::1 - - [07/Aug/2024:08:42:34 +0000] \"POST /api/homeowners/request-otp HTTP/1.1\" 500 96 \"-\" \"PostmanRuntime/7.40.0\"","timestamp":"2024-08-07T08:42:34.296Z"}
{"level":"info","message":"Server running in development mode on port 3000","timestamp":"2024-08-07T08:44:27.390Z"}
{"level":"info","message":"MongoDB Connected: ac-kqp0rtz-shard-00-00.hgasejj.mongodb.net","timestamp":"2024-08-07T08:44:27.758Z"}
{"level":"info","message":"Server running in development mode on port 3000","timestamp":"2024-08-07T08:44:47.083Z"}
{"level":"info","message":"MongoDB Connected: ac-kqp0rtz-shard-00-00.hgasejj.mongodb.net","timestamp":"2024-08-07T08:44:47.229Z"}
{"level":"info","message":"Server running in development mode on port 3000","timestamp":"2024-08-07T08:45:24.033Z"}
{"level":"info","message":"MongoDB Connected: ac-kqp0rtz-shard-00-00.hgasejj.mongodb.net","timestamp":"2024-08-07T08:45:24.197Z"}
